android-Camera2Basic-master/android-Camera2Basic-master/Application/build/intermediates/manifest_merge_blame_file/debug/manifest-merger-blame-debug-report.txt
1<?xml version="1.0" encoding="utf-8"?>
2<manifest xmlns:android="http://schemas.android.com/apk/res/android"
3    package="com.example.android.camera2basic" >
4
5    <uses-sdk
6        android:minSdkVersion="21"
6-->src\main\AndroidManifest.xml
7        android:targetSdkVersion="27" />
7-->src\main\AndroidManifest.xml
8
9    <uses-permission android:name="android.permission.CAMERA" />
9-->src\main\AndroidManifest.xml:5:5-65
9-->src\main\AndroidManifest.xml:5:22-62
10
11    <uses-feature android:name="android.hardware.camera" />
11-->src\main\AndroidManifest.xml:7:5-60
11-->src\main\AndroidManifest.xml:7:19-57
12    <uses-feature android:name="android.hardware.camera.autofocus" />
12-->src\main\AndroidManifest.xml:8:5-70
12-->src\main\AndroidManifest.xml:8:19-67
13
14    <application
14-->src\main\AndroidManifest.xml:10:5-32:19
15        android:allowBackup="true"
15-->src\main\AndroidManifest.xml:11:9-35
16        android:debuggable="true"
17        android:icon="@drawable/ic_launcher"
17-->src\main\AndroidManifest.xml:12:9-45
18        android:label="@string/app_name"
18-->src\main\AndroidManifest.xml:13:9-41
19        android:testOnly="true"
20        android:theme="@style/MaterialTheme" >
20-->src\main\AndroidManifest.xml:14:9-45
21        <activity
21-->src\main\AndroidManifest.xml:15:9-22:20
22            android:name="com.example.android.camera2basic.ShowImageActivity"
22-->src\main\AndroidManifest.xml:15:19-52
23            android:label="Show Image Activity"
23-->src\main\AndroidManifest.xml:16:13-48
24            android:parentActivityName="com.example.android.camera2basic.CameraActivity" >
24-->src\main\AndroidManifest.xml:17:13-57
25            <meta-data
25-->src\main\AndroidManifest.xml:18:13-20:83
26                android:name="android.support.PARENT_ACTIVITY"
26-->src\main\AndroidManifest.xml:19:17-63
27                android:value="com.example.android.camera2basic.CameraActivity" />
27-->src\main\AndroidManifest.xml:20:17-80
28        </activity>
29        <activity
29-->src\main\AndroidManifest.xml:23:9-31:20
30            android:name="com.example.android.camera2basic.CameraActivity"
30-->src\main\AndroidManifest.xml:24:13-43
31            android:label="@string/app_name" >
31-->src\main\AndroidManifest.xml:25:13-45
32            <intent-filter>
32-->src\main\AndroidManifest.xml:26:13-30:29
33                <action android:name="android.intent.action.MAIN" />
33-->src\main\AndroidManifest.xml:27:17-69
33-->src\main\AndroidManifest.xml:27:25-66
34
35                <category android:name="android.intent.category.LAUNCHER" />
35-->src\main\AndroidManifest.xml:29:17-77
35-->src\main\AndroidManifest.xml:29:27-74
36            </intent-filter>
37        </activity>
38    </application>
39
40</manifest>